============================================================
  Generated by:           Genus(TM) Synthesis Solution 19.13-s073_1
  Generated on:           Apr 27 2026  01:20:24 am
  Module:                 jscan_decompressor
  Operating conditions:   _nominal_ (balanced_tree)
  Wireload mode:          enclosed
  Area mode:              timing library
============================================================

Timing
--------

Clock  Period 
--------------
clk   10000.0 


  Cost    Critical         Violating 
 Group   Path Slack  TNS     Paths   
-------------------------------------
clk          8221.9   0.0          0 
default    No paths   0.0            
-------------------------------------
Total                 0.0          0 

Instance Count
--------------
Leaf Instance Count             227 
Physical Instance count           0 
Sequential Instance Count        48 
Combinational Instance Count    179 
Hierarchical Instance Count       0 

Area
----
Cell Area                          8351.090
Physical Cell Area                 0.000
Total Cell Area (Cell+Physical)    8351.090
Net Area                           0.000
Total Area (Cell+Physical+Net)     8351.090

Max Fanout                         48 (clk)
Min Fanout                         0 (rst_n)
Average Fanout                     2.9
Terms to net ratio                 3.8300
Terms to instance ratio            4.2687
Runtime                            6.269613 seconds
Elapsed Runtime                    11 seconds
Genus peak memory usage            868.42 
Innovus peak memory usage          no_value 
Hostname                           localhost
