============================================================
  Generated by:           Genus(TM) Synthesis Solution 19.13-s073_1
  Generated on:           Apr 27 2026  01:20:24 am
  Module:                 jscan_decompressor
  Technology library:     tsl18fs120_scl_ss 1
  Operating conditions:   _nominal_ (balanced_tree)
  Wireload mode:          enclosed
  Area mode:              timing library
============================================================

                               
   Gate    Instances    Area          Library       
----------------------------------------------------
an02d0             1    15.680    tsl18fs120_scl_ss 
an03d1             2    37.640    tsl18fs120_scl_ss 
aoi211d1           1    18.820    tsl18fs120_scl_ss 
aoi22d1           22   414.040    tsl18fs120_scl_ss 
aoim211d1          2    43.900    tsl18fs120_scl_ss 
aoim22d1           2    43.900    tsl18fs120_scl_ss 
aon211d1           3    56.460    tsl18fs120_scl_ss 
inv0d0            32   200.640    tsl18fs120_scl_ss 
inv0d1             1     9.410    tsl18fs120_scl_ss 
mx02d1             1    25.090    tsl18fs120_scl_ss 
nd02d0            56   702.240    tsl18fs120_scl_ss 
nd03d0             2    31.360    tsl18fs120_scl_ss 
nd12d0             1    15.680    tsl18fs120_scl_ss 
nd12d1             2    31.360    tsl18fs120_scl_ss 
nr02d0            17   213.180    tsl18fs120_scl_ss 
nr03d0             2    31.360    tsl18fs120_scl_ss 
oai211d1           3    56.460    tsl18fs120_scl_ss 
oai21d1            1    15.680    tsl18fs120_scl_ss 
oai22d1           12   225.840    tsl18fs120_scl_ss 
oan211d1          16   301.120    tsl18fs120_scl_ss 
sdcrq1             1    97.220    tsl18fs120_scl_ss 
sdprb1             2   225.800    tsl18fs120_scl_ss 
secrq4            31  3694.270    tsl18fs120_scl_ss 
seprq4            14  1843.940    tsl18fs120_scl_ss 
----------------------------------------------------
total            227  8351.090                      


                                         
     Type      Instances   Area   Area % 
-----------------------------------------
sequential            48 5861.230   70.2 
inverter              33  210.050    2.5 
logic                146 2279.810   27.3 
physical_cells         0    0.000    0.0 
-----------------------------------------
total                227 8351.090  100.0 

