============================================================
  Generated by:           Genus(TM) Synthesis Solution 19.13-s073_1
  Generated on:           Apr 27 2026  01:20:24 am
  Module:                 jscan_decompressor
  Operating conditions:   _nominal_ (balanced_tree)
  Wireload mode:          enclosed
  Area mode:              timing library
============================================================


Path 1: MET (8222 ps) Setup Check with Pin lfsr_reg[0]/CP->D
          Group: clk
     Startpoint: (R) lfsr_reg[15]/CP
          Clock: (R) clk
       Endpoint: (F) lfsr_reg[0]/D
          Clock: (R) clk

                     Capture       Launch     
        Clock Edge:+   10000            0     
       Src Latency:+       0            0     
       Net Latency:+       0 (I)        0 (I) 
           Arrival:=   10000            0     
                                              
             Setup:-     541                  
     Required Time:=    9459                  
      Launch Clock:-       0                  
         Data Path:-    1237                  
             Slack:=    8222                  

#-----------------------------------------------------------------------------------------
#  Timing Point   Flags    Arc   Edge   Cell     Fanout Load Trans Delay Arrival Instance 
#                                                       (fF)  (ps)  (ps)   (ps)  Location 
#-----------------------------------------------------------------------------------------
  lfsr_reg[15]/CP -       -      R     (arrival)     48    -     0     -       0    (-,-) 
  lfsr_reg[15]/Q  -       CP->Q  R     seprq4         8 25.8   113   465     465    (-,-) 
  g5940/ZN        -       I->ZN  F     inv0d0         2  7.8   176   111     576    (-,-) 
  g5893__6131/ZN  -       B1->ZN R     oai22d1        2  7.3   565   294     870    (-,-) 
  g5814__7410/Z   -       B1->Z  R     aoim22d1       1  3.3   221   278    1149    (-,-) 
  g5752__7482/ZN  -       A1->ZN F     oai22d1        1  2.5   298    89    1237    (-,-) 
  lfsr_reg[0]/D   <<<     -      F     sdprb1         1    -     -     0    1237    (-,-) 
#-----------------------------------------------------------------------------------------

